                                      1 ;--------------------------------------------------------
                                      2 ; File Created by SDCC : free open source ISO C Compiler
                                      3 ; Version 4.5.1 #15267 (Mac OS X ppc)
                                      4 ;--------------------------------------------------------
                                      5 	.module camera
                                      6 	
                                      7 ;--------------------------------------------------------
                                      8 ; Public variables in this module
                                      9 ;--------------------------------------------------------
                                     10 	.globl _camera_x
                                     11 	.globl _camera_update
                                     12 	.globl _camera_world_to_screen_x
                                     13 ;--------------------------------------------------------
                                     14 ; special function registers
                                     15 ;--------------------------------------------------------
                                     16 	.area _HRAM
                                     17 ;--------------------------------------------------------
                                     18 ; ram data
                                     19 ;--------------------------------------------------------
                                     20 	.area _DATA
                                     21 ;--------------------------------------------------------
                                     22 ; ram data
                                     23 ;--------------------------------------------------------
                                     24 	.area _INITIALIZED
    00000000                         25 _camera_x::
    00000000                         26 	.ds 2
                                     27 ;--------------------------------------------------------
                                     28 ; absolute external ram data
                                     29 ;--------------------------------------------------------
                                     30 	.area _DABS (ABS)
                                     31 ;--------------------------------------------------------
                                     32 ; global & static initialisations
                                     33 ;--------------------------------------------------------
                                     34 	.area _HOME
                                     35 	.area _GSINIT
                                     36 	.area _GSFINAL
                                     37 	.area _GSINIT
                                     38 ;--------------------------------------------------------
                                     39 ; Home
                                     40 ;--------------------------------------------------------
                                     41 	.area _HOME
                                     42 	.area _HOME
                                     43 ;--------------------------------------------------------
                                     44 ; code
                                     45 ;--------------------------------------------------------
                                     46 	.area _CODE
                                     47 ;camera.c:11: void camera_update(uint16_t char_world_x) {
                                     48 ;	---------------------------------
                                     49 ; Function camera_update
                                     50 ; ---------------------------------
    00000000                         51 _camera_update::
                                     52 ;camera.c:15: if (char_world_x < SCREEN_W / 2) {
    00000000 7B               [ 4]   53 	ld	a, e
    00000001 D6 50            [ 8]   54 	sub	a, #0x50
    00000003 7A               [ 4]   55 	ld	a, d
    00000004 DE 00            [ 8]   56 	sbc	a, #0x00
    00000006 30 05            [12]   57 	jr	NC, 00105$
                                     58 ;camera.c:16: target = 0;
    00000008 01 00 00         [12]   59 	ld	bc, #0x0000
    0000000B 18 17            [12]   60 	jr	00106$
    0000000D                         61 00105$:
                                     62 ;camera.c:17: } else if (char_world_x > WORLD_W - SCREEN_W / 2) {
    0000000D 4B               [ 4]   63 	ld	c, e
    0000000E 42               [ 4]   64 	ld	b, d
    0000000F 3E B0            [ 8]   65 	ld	a, #0xb0
    00000011 B9               [ 4]   66 	cp	a, c
    00000012 3E 01            [ 8]   67 	ld	a, #0x01
    00000014 98               [ 4]   68 	sbc	a, b
    00000015 30 05            [12]   69 	jr	NC, 00102$
                                     70 ;camera.c:18: target = WORLD_W - SCREEN_W;
    00000017 01 60 01         [12]   71 	ld	bc, #0x0160
    0000001A 18 08            [12]   72 	jr	00106$
    0000001C                         73 00102$:
                                     74 ;camera.c:20: target = (int16_t)char_world_x - SCREEN_W / 2;
    0000001C 7B               [ 4]   75 	ld	a, e
    0000001D C6 B0            [ 8]   76 	add	a, #0xb0
    0000001F 4F               [ 4]   77 	ld	c, a
    00000020 7A               [ 4]   78 	ld	a, d
    00000021 CE FF            [ 8]   79 	adc	a, #0xff
    00000023 47               [ 4]   80 	ld	b, a
    00000024                         81 00106$:
                                     82 ;camera.c:23: if (target < 0) target = 0;
    00000024 60               [ 4]   83 	ld	h, b
    00000025 CB 7C            [ 8]   84 	bit	7, h
    00000027 28 03            [12]   85 	jr	Z, 00108$
    00000029 01 00 00         [12]   86 	ld	bc, #0x0000
    0000002C                         87 00108$:
                                     88 ;camera.c:24: camera_x = (uint16_t)target;
    0000002C 21r00r00         [12]   89 	ld	hl, #_camera_x
    0000002F 79               [ 4]   90 	ld	a, c
    00000030 22               [ 8]   91 	ld	(hl+), a
                                     92 ;camera.c:27: SCX_REG = (uint8_t)(camera_x & 0xFF);
    00000031 78               [ 4]   93 	ld	a, b
    00000032 32               [ 8]   94 	ld	(hl-), a
    00000033 7E               [ 8]   95 	ld	a, (hl)
    00000034 E0r00            [12]   96 	ldh	(_SCX_REG + 0), a
                                     97 ;camera.c:28: }
    00000036 C9               [16]   98 	ret
                                     99 ;camera.c:30: int16_t camera_world_to_screen_x(uint16_t world_x) {
                                    100 ;	---------------------------------
                                    101 ; Function camera_world_to_screen_x
                                    102 ; ---------------------------------
    00000037                        103 _camera_world_to_screen_x::
                                    104 ;camera.c:31: return (int16_t)world_x - (int16_t)camera_x;
    00000037 7B               [ 4]  105 	ld	a, e
    00000038 21r00r00         [12]  106 	ld	hl, #_camera_x
    0000003B 4E               [ 8]  107 	ld	c, (hl)
    0000003C 23               [ 8]  108 	inc	hl
    0000003D 46               [ 8]  109 	ld	b, (hl)
    0000003E 91               [ 4]  110 	sub	a, c
    0000003F 4F               [ 4]  111 	ld	c, a
    00000040 7A               [ 4]  112 	ld	a, d
    00000041 98               [ 4]  113 	sbc	a, b
    00000042 47               [ 4]  114 	ld	b, a
                                    115 ;camera.c:32: }
    00000043 C9               [16]  116 	ret
                                    117 	.area _CODE
                                    118 	.area _INITIALIZER
    00000000                        119 __xinit__camera_x:
    00000000 00 00                  120 	.dw #0x0000
                                    121 	.area _CABS (ABS)
