                                      1 ;--------------------------------------------------------
                                      2 ; File Created by SDCC : free open source ISO C Compiler
                                      3 ; Version 4.5.1 #15267 (Mac OS X ppc)
                                      4 ;--------------------------------------------------------
                                      5 	.module hotspot
                                      6 	
                                      7 ;--------------------------------------------------------
                                      8 ; Public variables in this module
                                      9 ;--------------------------------------------------------
                                     10 	.globl _hotspot_count
                                     11 	.globl _hotspots
                                     12 	.globl _hotspot_add
                                     13 	.globl _hotspot_clear
                                     14 	.globl _hotspot_check
                                     15 ;--------------------------------------------------------
                                     16 ; special function registers
                                     17 ;--------------------------------------------------------
                                     18 	.area _HRAM
                                     19 ;--------------------------------------------------------
                                     20 ; ram data
                                     21 ;--------------------------------------------------------
                                     22 	.area _DATA
    00000000                         23 _hotspots::
    00000000                         24 	.ds 64
                                     25 ;--------------------------------------------------------
                                     26 ; ram data
                                     27 ;--------------------------------------------------------
                                     28 	.area _INITIALIZED
    00000000                         29 _hotspot_count::
    00000000                         30 	.ds 1
                                     31 ;--------------------------------------------------------
                                     32 ; absolute external ram data
                                     33 ;--------------------------------------------------------
                                     34 	.area _DABS (ABS)
                                     35 ;--------------------------------------------------------
                                     36 ; global & static initialisations
                                     37 ;--------------------------------------------------------
                                     38 	.area _HOME
                                     39 	.area _GSINIT
                                     40 	.area _GSFINAL
                                     41 	.area _GSINIT
                                     42 ;--------------------------------------------------------
                                     43 ; Home
                                     44 ;--------------------------------------------------------
                                     45 	.area _HOME
                                     46 	.area _HOME
                                     47 ;--------------------------------------------------------
                                     48 ; code
                                     49 ;--------------------------------------------------------
                                     50 	.area _CODE
                                     51 ;hotspot.c:7: uint8_t hotspot_add(uint16_t x, uint8_t y, uint16_t w, uint8_t h, uint8_t id) {
                                     52 ;	---------------------------------
                                     53 ; Function hotspot_add
                                     54 ; ---------------------------------
    00000000                         55 _hotspot_add::
    00000000 3B               [ 8]   56 	dec	sp
    00000001 3B               [ 8]   57 	dec	sp
    00000002 F8 01            [12]   58 	ldhl	sp,	#1
    00000004 77               [ 8]   59 	ld	(hl), a
                                     60 ;hotspot.c:8: uint8_t idx = hotspot_count;
    00000005 FAr00r00         [16]   61 	ld	a, (#_hotspot_count)
    00000008 F8 00            [12]   62 	ldhl	sp,	#0
                                     63 ;hotspot.c:9: if (idx >= MAX_HOTSPOTS) return 255;
    0000000A 77               [ 8]   64 	ld	(hl), a
    0000000B D6 08            [ 8]   65 	sub	a, #0x08
    0000000D 38 04            [12]   66 	jr	C, 00102$
    0000000F 3E FF            [ 8]   67 	ld	a, #0xff
    00000011 18 53            [12]   68 	jr	00103$
    00000013                         69 00102$:
                                     70 ;hotspot.c:10: hotspots[idx].x      = x;
    00000013 F8 00            [12]   71 	ldhl	sp,	#0
    00000015 4E               [ 8]   72 	ld	c, (hl)
    00000016 AF               [ 4]   73 	xor	a, a
    00000017 47               [ 4]   74 	ld	b, a
    00000018 CB 21            [ 8]   75 	sla	c
    0000001A CB 10            [ 8]   76 	rl	b
    0000001C CB 21            [ 8]   77 	sla	c
    0000001E CB 10            [ 8]   78 	rl	b
    00000020 CB 21            [ 8]   79 	sla	c
    00000022 CB 10            [ 8]   80 	rl	b
    00000024 21r00r00         [12]   81 	ld	hl, #_hotspots
    00000027 09               [ 8]   82 	add	hl, bc
    00000028 7B               [ 4]   83 	ld	a, e
    00000029 22               [ 8]   84 	ld	(hl+), a
    0000002A 72               [ 8]   85 	ld	(hl), d
                                     86 ;hotspot.c:11: hotspots[idx].y      = y;
    0000002B 21r00r00         [12]   87 	ld	hl, #_hotspots
    0000002E 09               [ 8]   88 	add	hl, bc
    0000002F 4D               [ 4]   89 	ld	c, l
    00000030 44               [ 4]   90 	ld	b, h
    00000031 59               [ 4]   91 	ld	e, c
    00000032 50               [ 4]   92 	ld	d, b
    00000033 13               [ 8]   93 	inc	de
    00000034 13               [ 8]   94 	inc	de
    00000035 F8 01            [12]   95 	ldhl	sp,	#1
    00000037 7E               [ 8]   96 	ld	a, (hl)
    00000038 12               [ 8]   97 	ld	(de), a
                                     98 ;hotspot.c:12: hotspots[idx].w      = w;
    00000039 59               [ 4]   99 	ld	e, c
    0000003A 50               [ 4]  100 	ld	d, b
    0000003B 13               [ 8]  101 	inc	de
    0000003C 13               [ 8]  102 	inc	de
    0000003D 13               [ 8]  103 	inc	de
    0000003E F8 04            [12]  104 	ldhl	sp,	#4
    00000040 2A               [ 8]  105 	ld	a, (hl+)
    00000041 12               [ 8]  106 	ld	(de), a
    00000042 13               [ 8]  107 	inc	de
    00000043 7E               [ 8]  108 	ld	a, (hl)
    00000044 12               [ 8]  109 	ld	(de), a
                                    110 ;hotspot.c:13: hotspots[idx].h      = h;
    00000045 21 05 00         [12]  111 	ld	hl, #0x0005
    00000048 09               [ 8]  112 	add	hl, bc
    00000049 5D               [ 4]  113 	ld	e, l
    0000004A 54               [ 4]  114 	ld	d, h
    0000004B F8 06            [12]  115 	ldhl	sp,	#6
    0000004D 7E               [ 8]  116 	ld	a, (hl)
    0000004E 12               [ 8]  117 	ld	(de), a
                                    118 ;hotspot.c:14: hotspots[idx].id     = id;
    0000004F 21 07 00         [12]  119 	ld	hl, #0x0007
    00000052 09               [ 8]  120 	add	hl, bc
    00000053 5D               [ 4]  121 	ld	e, l
    00000054 54               [ 4]  122 	ld	d, h
    00000055 F8 07            [12]  123 	ldhl	sp,	#7
    00000057 7E               [ 8]  124 	ld	a, (hl)
    00000058 12               [ 8]  125 	ld	(de), a
                                    126 ;hotspot.c:15: hotspots[idx].active = 1;
    00000059 21 06 00         [12]  127 	ld	hl, #0x0006
    0000005C 09               [ 8]  128 	add	hl, bc
    0000005D 36 01            [12]  129 	ld	(hl), #0x01
                                    130 ;hotspot.c:16: hotspot_count++;
    0000005F 21r00r00         [12]  131 	ld	hl, #_hotspot_count
    00000062 34               [12]  132 	inc	(hl)
                                    133 ;hotspot.c:17: return idx;
    00000063 F8 00            [12]  134 	ldhl	sp,	#0
    00000065 7E               [ 8]  135 	ld	a, (hl)
    00000066                        136 00103$:
                                    137 ;hotspot.c:18: }
    00000066 33               [ 8]  138 	inc	sp
    00000067 33               [ 8]  139 	inc	sp
    00000068 E1               [12]  140 	pop	hl
    00000069 E8 04            [16]  141 	add	sp, #4
    0000006B E9               [ 4]  142 	jp	(hl)
                                    143 ;hotspot.c:20: void hotspot_clear(void) {
                                    144 ;	---------------------------------
                                    145 ; Function hotspot_clear
                                    146 ; ---------------------------------
    0000006C                        147 _hotspot_clear::
                                    148 ;hotspot.c:21: hotspot_count = 0;
    0000006C AF               [ 4]  149 	xor	a, a
    0000006D EAr00r00         [16]  150 	ld	(#_hotspot_count),a
                                    151 ;hotspot.c:22: }
    00000070 C9               [16]  152 	ret
                                    153 ;hotspot.c:24: uint8_t hotspot_check(uint16_t cx, uint8_t cy) {
                                    154 ;	---------------------------------
                                    155 ; Function hotspot_check
                                    156 ; ---------------------------------
    00000071                        157 _hotspot_check::
    00000071 E8 F7            [16]  158 	add	sp, #-9
    00000073 F8 07            [12]  159 	ldhl	sp,	#7
    00000075 73               [ 8]  160 	ld	(hl), e
    00000076 23               [ 8]  161 	inc	hl
    00000077 72               [ 8]  162 	ld	(hl), d
    00000078 2B               [ 8]  163 	dec	hl
    00000079 2B               [ 8]  164 	dec	hl
    0000007A 77               [ 8]  165 	ld	(hl), a
                                    166 ;hotspot.c:26: for (i = 0; i < hotspot_count; i++) {
    0000007B 0E 00            [ 8]  167 	ld	c, #0x00
    0000007D                        168 00111$:
    0000007D 79               [ 4]  169 	ld	a, c
    0000007E 21r00r00         [12]  170 	ld	hl, #_hotspot_count
    00000081 96               [ 8]  171 	sub	a, (hl)
    00000082 D2r22r01         [16]  172 	jp	NC, 00109$
                                    173 ;hotspot.c:27: if (!hotspots[i].active) continue;
    00000085 69               [ 4]  174 	ld	l, c
    00000086 26 00            [ 8]  175 	ld	h, #0x00
    00000088 29               [ 8]  176 	add	hl, hl
    00000089 29               [ 8]  177 	add	hl, hl
    0000008A 29               [ 8]  178 	add	hl, hl
    0000008B 5D               [ 4]  179 	ld	e, l
    0000008C 54               [ 4]  180 	ld	d, h
    0000008D 21r00r00         [12]  181 	ld	hl, #_hotspots
    00000090 19               [ 8]  182 	add	hl, de
    00000091 33               [ 8]  183 	inc	sp
    00000092 33               [ 8]  184 	inc	sp
    00000093 5D               [ 4]  185 	ld	e, l
    00000094 54               [ 4]  186 	ld	d, h
    00000095 D5               [16]  187 	push	de
    00000096 21 06 00         [12]  188 	ld	hl, #0x0006
    00000099 19               [ 8]  189 	add	hl, de
    0000009A 5D               [ 4]  190 	ld	e, l
    0000009B 54               [ 4]  191 	ld	d, h
    0000009C 1A               [ 8]  192 	ld	a, (de)
    0000009D B7               [ 4]  193 	or	a, a
    0000009E CAr1Er01         [16]  194 	jp	Z, 00108$
                                    195 ;hotspot.c:28: if (cx >= hotspots[i].x &&
    000000A1 D1               [12]  196 	pop	de
    000000A2 D5               [16]  197 	push	de
    000000A3 1A               [ 8]  198 	ld	a, (de)
    000000A4 F8 04            [12]  199 	ldhl	sp,	#4
    000000A6 22               [ 8]  200 	ld	(hl+), a
    000000A7 13               [ 8]  201 	inc	de
    000000A8 1A               [ 8]  202 	ld	a, (de)
    000000A9 77               [ 8]  203 	ld	(hl), a
    000000AA F8 07            [12]  204 	ldhl	sp,	#7
    000000AC 5D               [ 4]  205 	ld	e, l
    000000AD 54               [ 4]  206 	ld	d, h
    000000AE F8 04            [12]  207 	ldhl	sp,	#4
    000000B0 1A               [ 8]  208 	ld	a, (de)
    000000B1 13               [ 8]  209 	inc	de
    000000B2 96               [ 8]  210 	sub	a, (hl)
    000000B3 23               [ 8]  211 	inc	hl
    000000B4 1A               [ 8]  212 	ld	a, (de)
    000000B5 9E               [ 8]  213 	sbc	a, (hl)
    000000B6 38 66            [12]  214 	jr	C, 00108$
                                    215 ;hotspot.c:29: cx <  hotspots[i].x + hotspots[i].w &&
    000000B8 E1               [12]  216 	pop	hl
    000000B9 E5               [16]  217 	push	hl
    000000BA 23               [ 8]  218 	inc	hl
    000000BB 23               [ 8]  219 	inc	hl
    000000BC 23               [ 8]  220 	inc	hl
    000000BD 2A               [ 8]  221 	ld	a, (hl+)
    000000BE 46               [ 8]  222 	ld	b, (hl)
    000000BF 5F               [ 4]  223 	ld	e, a
    000000C0 50               [ 4]  224 	ld	d, b
    000000C1 F8 04            [12]  225 	ldhl	sp,	#4
    000000C3 2A               [ 8]  226 	ld	a,	(hl+)
    000000C4 66               [ 8]  227 	ld	h, (hl)
    000000C5 6F               [ 4]  228 	ld	l, a
    000000C6 19               [ 8]  229 	add	hl, de
    000000C7 5D               [ 4]  230 	ld	e, l
    000000C8 54               [ 4]  231 	ld	d, h
    000000C9 F8 07            [12]  232 	ldhl	sp,	#7
    000000CB 2A               [ 8]  233 	ld	a, (hl+)
    000000CC 93               [ 4]  234 	sub	a, e
    000000CD 7E               [ 8]  235 	ld	a, (hl)
    000000CE 9A               [ 4]  236 	sbc	a, d
    000000CF 30 4D            [12]  237 	jr	NC, 00108$
                                    238 ;hotspot.c:30: cy >= hotspots[i].y &&
    000000D1 E1               [12]  239 	pop	hl
    000000D2 E5               [16]  240 	push	hl
    000000D3 23               [ 8]  241 	inc	hl
    000000D4 23               [ 8]  242 	inc	hl
    000000D5 46               [ 8]  243 	ld	b, (hl)
    000000D6 F8 06            [12]  244 	ldhl	sp,	#6
    000000D8 7E               [ 8]  245 	ld	a, (hl)
    000000D9 90               [ 4]  246 	sub	a, b
    000000DA 38 42            [12]  247 	jr	C, 00108$
                                    248 ;hotspot.c:31: cy <  hotspots[i].y + hotspots[i].h) {
    000000DC 2B               [ 8]  249 	dec	hl
    000000DD 2B               [ 8]  250 	dec	hl
    000000DE 78               [ 4]  251 	ld	a, b
    000000DF 22               [ 8]  252 	ld	(hl+), a
    000000E0 36 00            [12]  253 	ld	(hl), #0x00
    000000E2 D1               [12]  254 	pop	de
    000000E3 D5               [16]  255 	push	de
    000000E4 21 05 00         [12]  256 	ld	hl, #0x0005
    000000E7 19               [ 8]  257 	add	hl, de
    000000E8 5D               [ 4]  258 	ld	e, l
    000000E9 54               [ 4]  259 	ld	d, h
    000000EA 1A               [ 8]  260 	ld	a, (de)
    000000EB 5F               [ 4]  261 	ld	e, a
    000000EC 16 00            [ 8]  262 	ld	d, #0x00
    000000EE F8 04            [12]  263 	ldhl	sp,	#4
    000000F0 2A               [ 8]  264 	ld	a,	(hl+)
    000000F1 66               [ 8]  265 	ld	h, (hl)
    000000F2 6F               [ 4]  266 	ld	l, a
    000000F3 19               [ 8]  267 	add	hl, de
    000000F4 E5               [16]  268 	push	hl
    000000F5 7D               [ 4]  269 	ld	a, l
    000000F6 F8 04            [12]  270 	ldhl	sp,	#4
    000000F8 77               [ 8]  271 	ld	(hl), a
    000000F9 E1               [12]  272 	pop	hl
    000000FA 7C               [ 4]  273 	ld	a, h
    000000FB F8 03            [12]  274 	ldhl	sp,	#3
    000000FD 77               [ 8]  275 	ld	(hl), a
    000000FE F8 06            [12]  276 	ldhl	sp,	#6
    00000100 3A               [ 8]  277 	ld	a, (hl-)
    00000101 2B               [ 8]  278 	dec	hl
    00000102 22               [ 8]  279 	ld	(hl+), a
    00000103 36 00            [12]  280 	ld	(hl), #0x00
    00000105 F8 04            [12]  281 	ldhl	sp,	#4
    00000107 5D               [ 4]  282 	ld	e, l
    00000108 54               [ 4]  283 	ld	d, h
    00000109 F8 02            [12]  284 	ldhl	sp,	#2
    0000010B 1A               [ 8]  285 	ld	a, (de)
    0000010C 13               [ 8]  286 	inc	de
    0000010D 96               [ 8]  287 	sub	a, (hl)
    0000010E 23               [ 8]  288 	inc	hl
    0000010F 1A               [ 8]  289 	ld	a, (de)
    00000110 9E               [ 8]  290 	sbc	a, (hl)
    00000111 30 0B            [12]  291 	jr	NC, 00108$
                                    292 ;hotspot.c:32: return hotspots[i].id;
    00000113 D1               [12]  293 	pop	de
    00000114 D5               [16]  294 	push	de
    00000115 21 07 00         [12]  295 	ld	hl, #0x0007
    00000118 19               [ 8]  296 	add	hl, de
    00000119 4D               [ 4]  297 	ld	c, l
    0000011A 44               [ 4]  298 	ld	b, h
    0000011B 0A               [ 8]  299 	ld	a, (bc)
    0000011C 18 06            [12]  300 	jr	00112$
    0000011E                        301 00108$:
                                    302 ;hotspot.c:26: for (i = 0; i < hotspot_count; i++) {
    0000011E 0C               [ 4]  303 	inc	c
    0000011F C3r7Dr00         [16]  304 	jp	00111$
    00000122                        305 00109$:
                                    306 ;hotspot.c:35: return 255;
    00000122 3E FF            [ 8]  307 	ld	a, #0xff
    00000124                        308 00112$:
                                    309 ;hotspot.c:36: }
    00000124 E8 09            [16]  310 	add	sp, #9
    00000126 C9               [16]  311 	ret
                                    312 	.area _CODE
                                    313 	.area _INITIALIZER
    00000000                        314 __xinit__hotspot_count:
    00000000 00                     315 	.db #0x00	; 0
                                    316 	.area _CABS (ABS)
