                                      1 ;--------------------------------------------------------
                                      2 ; File Created by SDCC : free open source ISO C Compiler
                                      3 ; Version 4.5.1 #15267 (Mac OS X ppc)
                                      4 ;--------------------------------------------------------
                                      5 	.module main
                                      6 	
                                      7 ;--------------------------------------------------------
                                      8 ; Public variables in this module
                                      9 ;--------------------------------------------------------
                                     10 	.globl _main
                                     11 	.globl _scene_draw_box
                                     12 	.globl _scene_init
                                     13 	.globl _hotspot_check
                                     14 	.globl _hotspot_add
                                     15 	.globl _camera_update
                                     16 	.globl _character_walk_to
                                     17 	.globl _character_draw
                                     18 	.globl _character_update
                                     19 	.globl _character_init
                                     20 	.globl _cursor_draw
                                     21 	.globl _cursor_update
                                     22 	.globl _cursor_init
                                     23 	.globl _wait_vbl_done
                                     24 	.globl _joypad
                                     25 ;--------------------------------------------------------
                                     26 ; special function registers
                                     27 ;--------------------------------------------------------
                                     28 	.area _HRAM
                                     29 ;--------------------------------------------------------
                                     30 ; ram data
                                     31 ;--------------------------------------------------------
                                     32 	.area _DATA
                                     33 ;--------------------------------------------------------
                                     34 ; ram data
                                     35 ;--------------------------------------------------------
                                     36 	.area _INITIALIZED
                                     37 ;--------------------------------------------------------
                                     38 ; absolute external ram data
                                     39 ;--------------------------------------------------------
                                     40 	.area _DABS (ABS)
                                     41 ;--------------------------------------------------------
                                     42 ; global & static initialisations
                                     43 ;--------------------------------------------------------
                                     44 	.area _HOME
                                     45 	.area _GSINIT
                                     46 	.area _GSFINAL
                                     47 	.area _GSINIT
                                     48 ;--------------------------------------------------------
                                     49 ; Home
                                     50 ;--------------------------------------------------------
                                     51 	.area _HOME
                                     52 	.area _HOME
                                     53 ;--------------------------------------------------------
                                     54 ; code
                                     55 ;--------------------------------------------------------
                                     56 	.area _CODE
                                     57 ;main.c:16: void main(void) {
                                     58 ;	---------------------------------
                                     59 ; Function main
                                     60 ; ---------------------------------
    00000000                         61 _main::
    00000000 3B               [ 8]   62 	dec	sp
    00000001 3B               [ 8]   63 	dec	sp
                                     64 ;main.c:18: uint8_t keys      = 0;
    00000002 F8 00            [12]   65 	ldhl	sp,	#0
    00000004 36 00            [12]   66 	ld	(hl), #0x00
                                     67 ;main.c:21: DISPLAY_ON;
    00000006 F0r00            [12]   68 	ldh	a, (_LCDC_REG + 0)
    00000008 F6 80            [ 8]   69 	or	a, #0x80
    0000000A E0r00            [12]   70 	ldh	(_LCDC_REG + 0), a
                                     71 ;main.c:22: BGP_REG  = 0xE4;   /* background palette: 00=white 01=lgrey 10=dgrey 11=black */
    0000000C 3E E4            [ 8]   72 	ld	a, #0xe4
    0000000E E0r00            [12]   73 	ldh	(_BGP_REG + 0), a
                                     74 ;main.c:23: OBP0_REG = 0xE4;   /* sprite palette */
    00000010 3E E4            [ 8]   75 	ld	a, #0xe4
    00000012 E0r00            [12]   76 	ldh	(_OBP0_REG + 0), a
                                     77 ;main.c:26: scene_init();
    00000014 CDr00r00         [24]   78 	call	_scene_init
                                     79 ;main.c:29: scene_draw_box(1, 1, 4, 5);
    00000017 21 04 05         [12]   80 	ld	hl, #0x504
    0000001A E5               [16]   81 	push	hl
    0000001B 3E 01            [ 8]   82 	ld	a,#0x01
    0000001D 5F               [ 4]   83 	ld	e,a
    0000001E CDr00r00         [24]   84 	call	_scene_draw_box
                                     85 ;main.c:30: hotspot_add(8, 8, 32, 40, HS_DOOR);
    00000021 21 28 01         [12]   86 	ld	hl, #0x128
    00000024 E5               [16]   87 	push	hl
    00000025 11 20 00         [12]   88 	ld	de, #0x0020
    00000028 D5               [16]   89 	push	de
    00000029 3E 08            [ 8]   90 	ld	a, #0x08
    0000002B 11 08 00         [12]   91 	ld	de, #0x0008
    0000002E CDr00r00         [24]   92 	call	_hotspot_add
                                     93 ;main.c:33: scene_draw_box(44, 11, 5, 4);
    00000031 21 05 04         [12]   94 	ld	hl, #0x405
    00000034 E5               [16]   95 	push	hl
    00000035 1E 0B            [ 8]   96 	ld	e, #0x0b
    00000037 3E 2C            [ 8]   97 	ld	a, #0x2c
    00000039 CDr00r00         [24]   98 	call	_scene_draw_box
                                     99 ;main.c:34: hotspot_add(352, 88, 40, 32, HS_CHEST);
    0000003C 21 20 02         [12]  100 	ld	hl, #0x220
    0000003F E5               [16]  101 	push	hl
    00000040 11 28 00         [12]  102 	ld	de, #0x0028
    00000043 D5               [16]  103 	push	de
    00000044 3E 58            [ 8]  104 	ld	a, #0x58
    00000046 11 60 01         [12]  105 	ld	de, #0x0160
    00000049 CDr00r00         [24]  106 	call	_hotspot_add
                                    107 ;main.c:37: character_init();
    0000004C CDr00r00         [24]  108 	call	_character_init
                                    109 ;main.c:38: cursor_init();
    0000004F CDr00r00         [24]  110 	call	_cursor_init
                                    111 ;main.c:40: while(1) {
    00000052                        112 00111$:
                                    113 ;main.c:41: prev_keys = keys;
    00000052 F8 00            [12]  114 	ldhl	sp,	#0
    00000054 2A               [ 8]  115 	ld	a, (hl+)
    00000055 77               [ 8]  116 	ld	(hl), a
                                    117 ;main.c:42: keys = joypad();
    00000056 CDr00r00         [24]  118 	call	_joypad
    00000059 F8 00            [12]  119 	ldhl	sp,	#0
    0000005B 77               [ 8]  120 	ld	(hl), a
                                    121 ;main.c:45: cursor_update();
    0000005C CDr00r00         [24]  122 	call	_cursor_update
                                    123 ;main.c:48: if ((keys & J_A) && !(prev_keys & J_A)) {
    0000005F E5               [16]  124 	push	hl
    00000060 F8 02            [12]  125 	ldhl	sp,	#2
    00000062 CB 66            [12]  126 	bit	4, (hl)
    00000064 E1               [12]  127 	pop	hl
    00000065 28 3C            [12]  128 	jr	Z, 00108$
    00000067 E5               [16]  129 	push	hl
    00000068 F8 03            [12]  130 	ldhl	sp,	#3
    0000006A CB 66            [12]  131 	bit	4, (hl)
    0000006C E1               [12]  132 	pop	hl
    0000006D 20 34            [12]  133 	jr	NZ, 00108$
                                    134 ;main.c:49: hit = hotspot_check(cursor_world_x, cursor_world_y);
    0000006F FAr00r00         [16]  135 	ld	a, (_cursor_world_y)
    00000072 21r00r00         [12]  136 	ld	hl, #_cursor_world_x
    00000075 5E               [ 8]  137 	ld	e, (hl)
    00000076 23               [ 8]  138 	inc	hl
    00000077 56               [ 8]  139 	ld	d, (hl)
    00000078 CDr00r00         [24]  140 	call	_hotspot_check
                                    141 ;main.c:51: if (hit == HS_DOOR) {
    0000007B FE 01            [ 8]  142 	cp	a, #0x01
    0000007D 20 0A            [12]  143 	jr	NZ, 00105$
                                    144 ;main.c:53: character_walk_to(DOOR_WALK_X, WALK_Y);
    0000007F 3E 64            [ 8]  145 	ld	a, #0x64
    00000081 11 18 00         [12]  146 	ld	de, #0x0018
    00000084 CDr00r00         [24]  147 	call	_character_walk_to
    00000087 18 1A            [12]  148 	jr	00108$
    00000089                        149 00105$:
                                    150 ;main.c:54: } else if (hit == HS_CHEST) {
    00000089 D6 02            [ 8]  151 	sub	a, #0x02
    0000008B 20 0A            [12]  152 	jr	NZ, 00102$
                                    153 ;main.c:56: character_walk_to(CHEST_WALK_X, WALK_Y);
    0000008D 3E 64            [ 8]  154 	ld	a, #0x64
    0000008F 11 68 01         [12]  155 	ld	de, #0x0168
    00000092 CDr00r00         [24]  156 	call	_character_walk_to
    00000095 18 0C            [12]  157 	jr	00108$
    00000097                        158 00102$:
                                    159 ;main.c:59: character_walk_to(cursor_world_x, cursor_world_y);
    00000097 FAr00r00         [16]  160 	ld	a, (_cursor_world_y)
    0000009A 21r00r00         [12]  161 	ld	hl, #_cursor_world_x
    0000009D 5E               [ 8]  162 	ld	e, (hl)
    0000009E 23               [ 8]  163 	inc	hl
    0000009F 56               [ 8]  164 	ld	d, (hl)
    000000A0 CDr00r00         [24]  165 	call	_character_walk_to
    000000A3                        166 00108$:
                                    167 ;main.c:64: character_update();
    000000A3 CDr00r00         [24]  168 	call	_character_update
                                    169 ;main.c:65: camera_update(char_world_x);
    000000A6 FAr00r00         [16]  170 	ld	a, (_char_world_x)
    000000A9 5F               [ 4]  171 	ld	e, a
    000000AA 21r01r00         [12]  172 	ld	hl, #_char_world_x + 1
    000000AD 56               [ 8]  173 	ld	d, (hl)
    000000AE CDr00r00         [24]  174 	call	_camera_update
                                    175 ;main.c:68: character_draw(camera_x);
    000000B1 FAr00r00         [16]  176 	ld	a, (_camera_x)
    000000B4 5F               [ 4]  177 	ld	e, a
    000000B5 21r01r00         [12]  178 	ld	hl, #_camera_x + 1
    000000B8 56               [ 8]  179 	ld	d, (hl)
    000000B9 CDr00r00         [24]  180 	call	_character_draw
                                    181 ;main.c:69: cursor_draw(camera_x);
    000000BC FAr00r00         [16]  182 	ld	a, (_camera_x)
    000000BF 5F               [ 4]  183 	ld	e, a
    000000C0 21r01r00         [12]  184 	ld	hl, #_camera_x + 1
    000000C3 56               [ 8]  185 	ld	d, (hl)
    000000C4 CDr00r00         [24]  186 	call	_cursor_draw
                                    187 ;main.c:71: wait_vbl_done();
    000000C7 CDr00r00         [24]  188 	call	_wait_vbl_done
    000000CA 18 86            [12]  189 	jr	00111$
                                    190 ;main.c:73: }
    000000CC 33               [ 8]  191 	inc	sp
    000000CD 33               [ 8]  192 	inc	sp
    000000CE C9               [16]  193 	ret
                                    194 	.area _CODE
                                    195 	.area _INITIALIZER
                                    196 	.area _CABS (ABS)
